Построение начато 29.05.2018 11:18:34.
     1>Проект "D:\probnic\16-vt-1a\lib\lib.vcxproj" в узле 2 (целевые объекты build).
     1>InitializeBuildStatus:
         Обращение к "Debug\lib.unsuccessfulbuild".
       ClCompile:
         C:\Program Files (x86)\Microsoft Visual Studio 10.0\VC\bin\CL.exe /c /ZI /nologo /W3 /WX- /Od /Oy- /D WIN32 /D _DEBUG /D _LIB /D _UNICODE /D UNICODE /Gm /EHsc /RTC1 /MDd /GS /fp:precise /Zc:wchar_t /Zc:forScope /Fo"Debug\\" /Fd"Debug\vc100.pdb" /Gd /TP /analyze- /errorReport:prompt lib.cpp
         lib.cpp
     1>d:\probnic\16-vt-1a\lib\lib.cpp(211): error C2668: pow: неоднозначный вызов перегруженной функции
                 c:\program files (x86)\microsoft visual studio 10.0\vc\include\math.h(583): может быть "long double pow(long double,int)"
                 c:\program files (x86)\microsoft visual studio 10.0\vc\include\math.h(535): или       "float pow(float,int)"
                 c:\program files (x86)\microsoft visual studio 10.0\vc\include\math.h(497): или       "double pow(double,int)"
                 при попытке сопоставить список аргументов "(int, int)"
     1>d:\probnic\16-vt-1a\lib\lib.cpp(222): error C2668: pow: неоднозначный вызов перегруженной функции
                 c:\program files (x86)\microsoft visual studio 10.0\vc\include\math.h(583): может быть "long double pow(long double,int)"
                 c:\program files (x86)\microsoft visual studio 10.0\vc\include\math.h(535): или       "float pow(float,int)"
                 c:\program files (x86)\microsoft visual studio 10.0\vc\include\math.h(497): или       "double pow(double,int)"
                 при попытке сопоставить список аргументов "(int, int)"
     1>Построение проекта "D:\probnic\16-vt-1a\lib\lib.vcxproj" завершено (целевые объекты build) с ошибкой.

СБОЙ построения.

Затраченное время: 00:00:04.25
